2026-03-27 08:39:28 [ERROR]: Error reading client .env file: ENOENT: no such file or directory, open 'D:\Projects\VibgyorSeek\monitoring-server\client_config\.env'
Error: ENOENT: no such file or directory, open 'D:\Projects\VibgyorSeek\monitoring-server\client_config\.env'
    at Object.readFileSync (node:fs:440:20)
    at ClientEnvService.readClientEnv (D:\Projects\VibgyorSeek\monitoring-server\src\services\client-env.service.ts:26:26)
    at D:\Projects\VibgyorSeek\monitoring-server\src\routes\client-env.routes.ts:15:37
    at Layer.handle [as handle_request] (D:\Projects\VibgyorSeek\monitoring-server\node_modules\express\lib\router\layer.js:95:5)
    at next (D:\Projects\VibgyorSeek\monitoring-server\node_modules\express\lib\router\route.js:149:13)
    at Route.dispatch (D:\Projects\VibgyorSeek\monitoring-server\node_modules\express\lib\router\route.js:119:3)
    at Layer.handle [as handle_request] (D:\Projects\VibgyorSeek\monitoring-server\node_modules\express\lib\router\layer.js:95:5)
    at D:\Projects\VibgyorSeek\monitoring-server\node_modules\express\lib\router\index.js:284:15
    at router.process_params (D:\Projects\VibgyorSeek\monitoring-server\node_modules\express\lib\router\index.js:346:12)
    at next (D:\Projects\VibgyorSeek\monitoring-server\node_modules\express\lib\router\index.js:280:10)
2026-03-27 08:39:28 [ERROR]: Error fetching client env: Failed to read client configuration
Error: Failed to read client configuration
    at ClientEnvService.readClientEnv (D:\Projects\VibgyorSeek\monitoring-server\src\services\client-env.service.ts:49:13)
    at D:\Projects\VibgyorSeek\monitoring-server\src\routes\client-env.routes.ts:15:37
    at Layer.handle [as handle_request] (D:\Projects\VibgyorSeek\monitoring-server\node_modules\express\lib\router\layer.js:95:5)
    at next (D:\Projects\VibgyorSeek\monitoring-server\node_modules\express\lib\router\route.js:149:13)
    at Route.dispatch (D:\Projects\VibgyorSeek\monitoring-server\node_modules\express\lib\router\route.js:119:3)
    at Layer.handle [as handle_request] (D:\Projects\VibgyorSeek\monitoring-server\node_modules\express\lib\router\layer.js:95:5)
    at D:\Projects\VibgyorSeek\monitoring-server\node_modules\express\lib\router\index.js:284:15
    at router.process_params (D:\Projects\VibgyorSeek\monitoring-server\node_modules\express\lib\router\index.js:346:12)
    at next (D:\Projects\VibgyorSeek\monitoring-server\node_modules\express\lib\router\index.js:280:10)
    at router.handle (D:\Projects\VibgyorSeek\monitoring-server\node_modules\express\lib\router\index.js:175:3)
2026-03-27 08:39:28 [ERROR]: GET / - 500 - 20ms
2026-03-27 08:39:28 [ERROR]: Error reading client .env file: ENOENT: no such file or directory, open 'D:\Projects\VibgyorSeek\monitoring-server\client_config\.env'
Error: ENOENT: no such file or directory, open 'D:\Projects\VibgyorSeek\monitoring-server\client_config\.env'
    at Object.readFileSync (node:fs:440:20)
    at ClientEnvService.readClientEnv (D:\Projects\VibgyorSeek\monitoring-server\src\services\client-env.service.ts:26:26)
    at D:\Projects\VibgyorSeek\monitoring-server\src\routes\client-env.routes.ts:15:37
    at Layer.handle [as handle_request] (D:\Projects\VibgyorSeek\monitoring-server\node_modules\express\lib\router\layer.js:95:5)
    at next (D:\Projects\VibgyorSeek\monitoring-server\node_modules\express\lib\router\route.js:149:13)
    at Route.dispatch (D:\Projects\VibgyorSeek\monitoring-server\node_modules\express\lib\router\route.js:119:3)
    at Layer.handle [as handle_request] (D:\Projects\VibgyorSeek\monitoring-server\node_modules\express\lib\router\layer.js:95:5)
    at D:\Projects\VibgyorSeek\monitoring-server\node_modules\express\lib\router\index.js:284:15
    at router.process_params (D:\Projects\VibgyorSeek\monitoring-server\node_modules\express\lib\router\index.js:346:12)
    at next (D:\Projects\VibgyorSeek\monitoring-server\node_modules\express\lib\router\index.js:280:10)
2026-03-27 08:39:28 [ERROR]: Error fetching client env: Failed to read client configuration
Error: Failed to read client configuration
    at ClientEnvService.readClientEnv (D:\Projects\VibgyorSeek\monitoring-server\src\services\client-env.service.ts:49:13)
    at D:\Projects\VibgyorSeek\monitoring-server\src\routes\client-env.routes.ts:15:37
    at Layer.handle [as handle_request] (D:\Projects\VibgyorSeek\monitoring-server\node_modules\express\lib\router\layer.js:95:5)
    at next (D:\Projects\VibgyorSeek\monitoring-server\node_modules\express\lib\router\route.js:149:13)
    at Route.dispatch (D:\Projects\VibgyorSeek\monitoring-server\node_modules\express\lib\router\route.js:119:3)
    at Layer.handle [as handle_request] (D:\Projects\VibgyorSeek\monitoring-server\node_modules\express\lib\router\layer.js:95:5)
    at D:\Projects\VibgyorSeek\monitoring-server\node_modules\express\lib\router\index.js:284:15
    at router.process_params (D:\Projects\VibgyorSeek\monitoring-server\node_modules\express\lib\router\index.js:346:12)
    at next (D:\Projects\VibgyorSeek\monitoring-server\node_modules\express\lib\router\index.js:280:10)
    at router.handle (D:\Projects\VibgyorSeek\monitoring-server\node_modules\express\lib\router\index.js:175:3)
2026-03-27 08:39:28 [ERROR]: GET / - 500 - 4ms
2026-03-27 08:39:32 [ERROR]: Error reading client .env file: ENOENT: no such file or directory, open 'D:\Projects\VibgyorSeek\monitoring-server\client_config\.env'
Error: ENOENT: no such file or directory, open 'D:\Projects\VibgyorSeek\monitoring-server\client_config\.env'
    at Object.readFileSync (node:fs:440:20)
    at ClientEnvService.readClientEnv (D:\Projects\VibgyorSeek\monitoring-server\src\services\client-env.service.ts:26:26)
    at D:\Projects\VibgyorSeek\monitoring-server\src\routes\client-env.routes.ts:15:37
    at Layer.handle [as handle_request] (D:\Projects\VibgyorSeek\monitoring-server\node_modules\express\lib\router\layer.js:95:5)
    at next (D:\Projects\VibgyorSeek\monitoring-server\node_modules\express\lib\router\route.js:149:13)
    at Route.dispatch (D:\Projects\VibgyorSeek\monitoring-server\node_modules\express\lib\router\route.js:119:3)
    at Layer.handle [as handle_request] (D:\Projects\VibgyorSeek\monitoring-server\node_modules\express\lib\router\layer.js:95:5)
    at D:\Projects\VibgyorSeek\monitoring-server\node_modules\express\lib\router\index.js:284:15
    at router.process_params (D:\Projects\VibgyorSeek\monitoring-server\node_modules\express\lib\router\index.js:346:12)
    at next (D:\Projects\VibgyorSeek\monitoring-server\node_modules\express\lib\router\index.js:280:10)
2026-03-27 08:39:32 [ERROR]: Error fetching client env: Failed to read client configuration
Error: Failed to read client configuration
    at ClientEnvService.readClientEnv (D:\Projects\VibgyorSeek\monitoring-server\src\services\client-env.service.ts:49:13)
    at D:\Projects\VibgyorSeek\monitoring-server\src\routes\client-env.routes.ts:15:37
    at Layer.handle [as handle_request] (D:\Projects\VibgyorSeek\monitoring-server\node_modules\express\lib\router\layer.js:95:5)
    at next (D:\Projects\VibgyorSeek\monitoring-server\node_modules\express\lib\router\route.js:149:13)
    at Route.dispatch (D:\Projects\VibgyorSeek\monitoring-server\node_modules\express\lib\router\route.js:119:3)
    at Layer.handle [as handle_request] (D:\Projects\VibgyorSeek\monitoring-server\node_modules\express\lib\router\layer.js:95:5)
    at D:\Projects\VibgyorSeek\monitoring-server\node_modules\express\lib\router\index.js:284:15
    at router.process_params (D:\Projects\VibgyorSeek\monitoring-server\node_modules\express\lib\router\index.js:346:12)
    at next (D:\Projects\VibgyorSeek\monitoring-server\node_modules\express\lib\router\index.js:280:10)
    at router.handle (D:\Projects\VibgyorSeek\monitoring-server\node_modules\express\lib\router\index.js:175:3)
2026-03-27 08:39:32 [ERROR]: GET / - 500 - 5ms
2026-03-27 08:39:32 [ERROR]: Error reading client .env file: ENOENT: no such file or directory, open 'D:\Projects\VibgyorSeek\monitoring-server\client_config\.env'
Error: ENOENT: no such file or directory, open 'D:\Projects\VibgyorSeek\monitoring-server\client_config\.env'
    at Object.readFileSync (node:fs:440:20)
    at ClientEnvService.readClientEnv (D:\Projects\VibgyorSeek\monitoring-server\src\services\client-env.service.ts:26:26)
    at D:\Projects\VibgyorSeek\monitoring-server\src\routes\client-env.routes.ts:15:37
    at Layer.handle [as handle_request] (D:\Projects\VibgyorSeek\monitoring-server\node_modules\express\lib\router\layer.js:95:5)
    at next (D:\Projects\VibgyorSeek\monitoring-server\node_modules\express\lib\router\route.js:149:13)
    at Route.dispatch (D:\Projects\VibgyorSeek\monitoring-server\node_modules\express\lib\router\route.js:119:3)
    at Layer.handle [as handle_request] (D:\Projects\VibgyorSeek\monitoring-server\node_modules\express\lib\router\layer.js:95:5)
    at D:\Projects\VibgyorSeek\monitoring-server\node_modules\express\lib\router\index.js:284:15
    at router.process_params (D:\Projects\VibgyorSeek\monitoring-server\node_modules\express\lib\router\index.js:346:12)
    at next (D:\Projects\VibgyorSeek\monitoring-server\node_modules\express\lib\router\index.js:280:10)
2026-03-27 08:39:32 [ERROR]: Error fetching client env: Failed to read client configuration
Error: Failed to read client configuration
    at ClientEnvService.readClientEnv (D:\Projects\VibgyorSeek\monitoring-server\src\services\client-env.service.ts:49:13)
    at D:\Projects\VibgyorSeek\monitoring-server\src\routes\client-env.routes.ts:15:37
    at Layer.handle [as handle_request] (D:\Projects\VibgyorSeek\monitoring-server\node_modules\express\lib\router\layer.js:95:5)
    at next (D:\Projects\VibgyorSeek\monitoring-server\node_modules\express\lib\router\route.js:149:13)
    at Route.dispatch (D:\Projects\VibgyorSeek\monitoring-server\node_modules\express\lib\router\route.js:119:3)
    at Layer.handle [as handle_request] (D:\Projects\VibgyorSeek\monitoring-server\node_modules\express\lib\router\layer.js:95:5)
    at D:\Projects\VibgyorSeek\monitoring-server\node_modules\express\lib\router\index.js:284:15
    at router.process_params (D:\Projects\VibgyorSeek\monitoring-server\node_modules\express\lib\router\index.js:346:12)
    at next (D:\Projects\VibgyorSeek\monitoring-server\node_modules\express\lib\router\index.js:280:10)
    at router.handle (D:\Projects\VibgyorSeek\monitoring-server\node_modules\express\lib\router\index.js:175:3)
2026-03-27 08:39:32 [ERROR]: GET / - 500 - 20ms
2026-03-27 08:39:39 [ERROR]: Error reading client .env file: ENOENT: no such file or directory, open 'D:\Projects\VibgyorSeek\monitoring-server\client_config\.env'
Error: ENOENT: no such file or directory, open 'D:\Projects\VibgyorSeek\monitoring-server\client_config\.env'
    at Object.readFileSync (node:fs:440:20)
    at ClientEnvService.readClientEnv (D:\Projects\VibgyorSeek\monitoring-server\src\services\client-env.service.ts:26:26)
    at D:\Projects\VibgyorSeek\monitoring-server\src\routes\client-env.routes.ts:15:37
    at Layer.handle [as handle_request] (D:\Projects\VibgyorSeek\monitoring-server\node_modules\express\lib\router\layer.js:95:5)
    at next (D:\Projects\VibgyorSeek\monitoring-server\node_modules\express\lib\router\route.js:149:13)
    at Route.dispatch (D:\Projects\VibgyorSeek\monitoring-server\node_modules\express\lib\router\route.js:119:3)
    at Layer.handle [as handle_request] (D:\Projects\VibgyorSeek\monitoring-server\node_modules\express\lib\router\layer.js:95:5)
    at D:\Projects\VibgyorSeek\monitoring-server\node_modules\express\lib\router\index.js:284:15
    at router.process_params (D:\Projects\VibgyorSeek\monitoring-server\node_modules\express\lib\router\index.js:346:12)
    at next (D:\Projects\VibgyorSeek\monitoring-server\node_modules\express\lib\router\index.js:280:10)
2026-03-27 08:39:39 [ERROR]: Error fetching client env: Failed to read client configuration
Error: Failed to read client configuration
    at ClientEnvService.readClientEnv (D:\Projects\VibgyorSeek\monitoring-server\src\services\client-env.service.ts:49:13)
    at D:\Projects\VibgyorSeek\monitoring-server\src\routes\client-env.routes.ts:15:37
    at Layer.handle [as handle_request] (D:\Projects\VibgyorSeek\monitoring-server\node_modules\express\lib\router\layer.js:95:5)
    at next (D:\Projects\VibgyorSeek\monitoring-server\node_modules\express\lib\router\route.js:149:13)
    at Route.dispatch (D:\Projects\VibgyorSeek\monitoring-server\node_modules\express\lib\router\route.js:119:3)
    at Layer.handle [as handle_request] (D:\Projects\VibgyorSeek\monitoring-server\node_modules\express\lib\router\layer.js:95:5)
    at D:\Projects\VibgyorSeek\monitoring-server\node_modules\express\lib\router\index.js:284:15
    at router.process_params (D:\Projects\VibgyorSeek\monitoring-server\node_modules\express\lib\router\index.js:346:12)
    at next (D:\Projects\VibgyorSeek\monitoring-server\node_modules\express\lib\router\index.js:280:10)
    at router.handle (D:\Projects\VibgyorSeek\monitoring-server\node_modules\express\lib\router\index.js:175:3)
2026-03-27 08:39:39 [ERROR]: GET / - 500 - 5ms
2026-03-27 08:39:39 [ERROR]: Error reading client .env file: ENOENT: no such file or directory, open 'D:\Projects\VibgyorSeek\monitoring-server\client_config\.env'
Error: ENOENT: no such file or directory, open 'D:\Projects\VibgyorSeek\monitoring-server\client_config\.env'
    at Object.readFileSync (node:fs:440:20)
    at ClientEnvService.readClientEnv (D:\Projects\VibgyorSeek\monitoring-server\src\services\client-env.service.ts:26:26)
    at D:\Projects\VibgyorSeek\monitoring-server\src\routes\client-env.routes.ts:15:37
    at Layer.handle [as handle_request] (D:\Projects\VibgyorSeek\monitoring-server\node_modules\express\lib\router\layer.js:95:5)
    at next (D:\Projects\VibgyorSeek\monitoring-server\node_modules\express\lib\router\route.js:149:13)
    at Route.dispatch (D:\Projects\VibgyorSeek\monitoring-server\node_modules\express\lib\router\route.js:119:3)
    at Layer.handle [as handle_request] (D:\Projects\VibgyorSeek\monitoring-server\node_modules\express\lib\router\layer.js:95:5)
    at D:\Projects\VibgyorSeek\monitoring-server\node_modules\express\lib\router\index.js:284:15
    at router.process_params (D:\Projects\VibgyorSeek\monitoring-server\node_modules\express\lib\router\index.js:346:12)
    at next (D:\Projects\VibgyorSeek\monitoring-server\node_modules\express\lib\router\index.js:280:10)
2026-03-27 08:39:39 [ERROR]: Error fetching client env: Failed to read client configuration
Error: Failed to read client configuration
    at ClientEnvService.readClientEnv (D:\Projects\VibgyorSeek\monitoring-server\src\services\client-env.service.ts:49:13)
    at D:\Projects\VibgyorSeek\monitoring-server\src\routes\client-env.routes.ts:15:37
    at Layer.handle [as handle_request] (D:\Projects\VibgyorSeek\monitoring-server\node_modules\express\lib\router\layer.js:95:5)
    at next (D:\Projects\VibgyorSeek\monitoring-server\node_modules\express\lib\router\route.js:149:13)
    at Route.dispatch (D:\Projects\VibgyorSeek\monitoring-server\node_modules\express\lib\router\route.js:119:3)
    at Layer.handle [as handle_request] (D:\Projects\VibgyorSeek\monitoring-server\node_modules\express\lib\router\layer.js:95:5)
    at D:\Projects\VibgyorSeek\monitoring-server\node_modules\express\lib\router\index.js:284:15
    at router.process_params (D:\Projects\VibgyorSeek\monitoring-server\node_modules\express\lib\router\index.js:346:12)
    at next (D:\Projects\VibgyorSeek\monitoring-server\node_modules\express\lib\router\index.js:280:10)
    at router.handle (D:\Projects\VibgyorSeek\monitoring-server\node_modules\express\lib\router\index.js:175:3)
2026-03-27 08:39:39 [ERROR]: GET / - 500 - 9ms
2026-03-27 08:39:43 [ERROR]: Error reading client .env file: ENOENT: no such file or directory, open 'D:\Projects\VibgyorSeek\monitoring-server\client_config\.env'
Error: ENOENT: no such file or directory, open 'D:\Projects\VibgyorSeek\monitoring-server\client_config\.env'
    at Object.readFileSync (node:fs:440:20)
    at ClientEnvService.readClientEnv (D:\Projects\VibgyorSeek\monitoring-server\src\services\client-env.service.ts:26:26)
    at D:\Projects\VibgyorSeek\monitoring-server\src\routes\client-env.routes.ts:15:37
    at Layer.handle [as handle_request] (D:\Projects\VibgyorSeek\monitoring-server\node_modules\express\lib\router\layer.js:95:5)
    at next (D:\Projects\VibgyorSeek\monitoring-server\node_modules\express\lib\router\route.js:149:13)
    at Route.dispatch (D:\Projects\VibgyorSeek\monitoring-server\node_modules\express\lib\router\route.js:119:3)
    at Layer.handle [as handle_request] (D:\Projects\VibgyorSeek\monitoring-server\node_modules\express\lib\router\layer.js:95:5)
    at D:\Projects\VibgyorSeek\monitoring-server\node_modules\express\lib\router\index.js:284:15
    at router.process_params (D:\Projects\VibgyorSeek\monitoring-server\node_modules\express\lib\router\index.js:346:12)
    at next (D:\Projects\VibgyorSeek\monitoring-server\node_modules\express\lib\router\index.js:280:10)
2026-03-27 08:39:43 [ERROR]: Error fetching client env: Failed to read client configuration
Error: Failed to read client configuration
    at ClientEnvService.readClientEnv (D:\Projects\VibgyorSeek\monitoring-server\src\services\client-env.service.ts:49:13)
    at D:\Projects\VibgyorSeek\monitoring-server\src\routes\client-env.routes.ts:15:37
    at Layer.handle [as handle_request] (D:\Projects\VibgyorSeek\monitoring-server\node_modules\express\lib\router\layer.js:95:5)
    at next (D:\Projects\VibgyorSeek\monitoring-server\node_modules\express\lib\router\route.js:149:13)
    at Route.dispatch (D:\Projects\VibgyorSeek\monitoring-server\node_modules\express\lib\router\route.js:119:3)
    at Layer.handle [as handle_request] (D:\Projects\VibgyorSeek\monitoring-server\node_modules\express\lib\router\layer.js:95:5)
    at D:\Projects\VibgyorSeek\monitoring-server\node_modules\express\lib\router\index.js:284:15
    at router.process_params (D:\Projects\VibgyorSeek\monitoring-server\node_modules\express\lib\router\index.js:346:12)
    at next (D:\Projects\VibgyorSeek\monitoring-server\node_modules\express\lib\router\index.js:280:10)
    at router.handle (D:\Projects\VibgyorSeek\monitoring-server\node_modules\express\lib\router\index.js:175:3)
2026-03-27 08:39:43 [ERROR]: GET / - 500 - 5ms
2026-03-27 08:39:43 [ERROR]: Error reading client .env file: ENOENT: no such file or directory, open 'D:\Projects\VibgyorSeek\monitoring-server\client_config\.env'
Error: ENOENT: no such file or directory, open 'D:\Projects\VibgyorSeek\monitoring-server\client_config\.env'
    at Object.readFileSync (node:fs:440:20)
    at ClientEnvService.readClientEnv (D:\Projects\VibgyorSeek\monitoring-server\src\services\client-env.service.ts:26:26)
    at D:\Projects\VibgyorSeek\monitoring-server\src\routes\client-env.routes.ts:15:37
    at Layer.handle [as handle_request] (D:\Projects\VibgyorSeek\monitoring-server\node_modules\express\lib\router\layer.js:95:5)
    at next (D:\Projects\VibgyorSeek\monitoring-server\node_modules\express\lib\router\route.js:149:13)
    at Route.dispatch (D:\Projects\VibgyorSeek\monitoring-server\node_modules\express\lib\router\route.js:119:3)
    at Layer.handle [as handle_request] (D:\Projects\VibgyorSeek\monitoring-server\node_modules\express\lib\router\layer.js:95:5)
    at D:\Projects\VibgyorSeek\monitoring-server\node_modules\express\lib\router\index.js:284:15
    at router.process_params (D:\Projects\VibgyorSeek\monitoring-server\node_modules\express\lib\router\index.js:346:12)
    at next (D:\Projects\VibgyorSeek\monitoring-server\node_modules\express\lib\router\index.js:280:10)
2026-03-27 08:39:43 [ERROR]: Error fetching client env: Failed to read client configuration
Error: Failed to read client configuration
    at ClientEnvService.readClientEnv (D:\Projects\VibgyorSeek\monitoring-server\src\services\client-env.service.ts:49:13)
    at D:\Projects\VibgyorSeek\monitoring-server\src\routes\client-env.routes.ts:15:37
    at Layer.handle [as handle_request] (D:\Projects\VibgyorSeek\monitoring-server\node_modules\express\lib\router\layer.js:95:5)
    at next (D:\Projects\VibgyorSeek\monitoring-server\node_modules\express\lib\router\route.js:149:13)
    at Route.dispatch (D:\Projects\VibgyorSeek\monitoring-server\node_modules\express\lib\router\route.js:119:3)
    at Layer.handle [as handle_request] (D:\Projects\VibgyorSeek\monitoring-server\node_modules\express\lib\router\layer.js:95:5)
    at D:\Projects\VibgyorSeek\monitoring-server\node_modules\express\lib\router\index.js:284:15
    at router.process_params (D:\Projects\VibgyorSeek\monitoring-server\node_modules\express\lib\router\index.js:346:12)
    at next (D:\Projects\VibgyorSeek\monitoring-server\node_modules\express\lib\router\index.js:280:10)
    at router.handle (D:\Projects\VibgyorSeek\monitoring-server\node_modules\express\lib\router\index.js:175:3)
2026-03-27 08:39:43 [ERROR]: GET / - 500 - 3ms
2026-03-27 08:40:35 [ERROR]: Error reading client .env file: ENOENT: no such file or directory, open 'D:\Projects\VibgyorSeek\monitoring-server\client_config\.env'
Error: ENOENT: no such file or directory, open 'D:\Projects\VibgyorSeek\monitoring-server\client_config\.env'
    at Object.readFileSync (node:fs:440:20)
    at ClientEnvService.readClientEnv (D:\Projects\VibgyorSeek\monitoring-server\src\services\client-env.service.ts:26:26)
    at D:\Projects\VibgyorSeek\monitoring-server\src\routes\client-env.routes.ts:15:37
    at Layer.handle [as handle_request] (D:\Projects\VibgyorSeek\monitoring-server\node_modules\express\lib\router\layer.js:95:5)
    at next (D:\Projects\VibgyorSeek\monitoring-server\node_modules\express\lib\router\route.js:149:13)
    at Route.dispatch (D:\Projects\VibgyorSeek\monitoring-server\node_modules\express\lib\router\route.js:119:3)
    at Layer.handle [as handle_request] (D:\Projects\VibgyorSeek\monitoring-server\node_modules\express\lib\router\layer.js:95:5)
    at D:\Projects\VibgyorSeek\monitoring-server\node_modules\express\lib\router\index.js:284:15
    at router.process_params (D:\Projects\VibgyorSeek\monitoring-server\node_modules\express\lib\router\index.js:346:12)
    at next (D:\Projects\VibgyorSeek\monitoring-server\node_modules\express\lib\router\index.js:280:10)
2026-03-27 08:40:35 [ERROR]: Error fetching client env: Failed to read client configuration
Error: Failed to read client configuration
    at ClientEnvService.readClientEnv (D:\Projects\VibgyorSeek\monitoring-server\src\services\client-env.service.ts:49:13)
    at D:\Projects\VibgyorSeek\monitoring-server\src\routes\client-env.routes.ts:15:37
    at Layer.handle [as handle_request] (D:\Projects\VibgyorSeek\monitoring-server\node_modules\express\lib\router\layer.js:95:5)
    at next (D:\Projects\VibgyorSeek\monitoring-server\node_modules\express\lib\router\route.js:149:13)
    at Route.dispatch (D:\Projects\VibgyorSeek\monitoring-server\node_modules\express\lib\router\route.js:119:3)
    at Layer.handle [as handle_request] (D:\Projects\VibgyorSeek\monitoring-server\node_modules\express\lib\router\layer.js:95:5)
    at D:\Projects\VibgyorSeek\monitoring-server\node_modules\express\lib\router\index.js:284:15
    at router.process_params (D:\Projects\VibgyorSeek\monitoring-server\node_modules\express\lib\router\index.js:346:12)
    at next (D:\Projects\VibgyorSeek\monitoring-server\node_modules\express\lib\router\index.js:280:10)
    at router.handle (D:\Projects\VibgyorSeek\monitoring-server\node_modules\express\lib\router\index.js:175:3)
2026-03-27 08:40:35 [ERROR]: GET / - 500 - 7ms
2026-03-27 08:40:35 [ERROR]: Error reading client .env file: ENOENT: no such file or directory, open 'D:\Projects\VibgyorSeek\monitoring-server\client_config\.env'
Error: ENOENT: no such file or directory, open 'D:\Projects\VibgyorSeek\monitoring-server\client_config\.env'
    at Object.readFileSync (node:fs:440:20)
    at ClientEnvService.readClientEnv (D:\Projects\VibgyorSeek\monitoring-server\src\services\client-env.service.ts:26:26)
    at D:\Projects\VibgyorSeek\monitoring-server\src\routes\client-env.routes.ts:15:37
    at Layer.handle [as handle_request] (D:\Projects\VibgyorSeek\monitoring-server\node_modules\express\lib\router\layer.js:95:5)
    at next (D:\Projects\VibgyorSeek\monitoring-server\node_modules\express\lib\router\route.js:149:13)
    at Route.dispatch (D:\Projects\VibgyorSeek\monitoring-server\node_modules\express\lib\router\route.js:119:3)
    at Layer.handle [as handle_request] (D:\Projects\VibgyorSeek\monitoring-server\node_modules\express\lib\router\layer.js:95:5)
    at D:\Projects\VibgyorSeek\monitoring-server\node_modules\express\lib\router\index.js:284:15
    at router.process_params (D:\Projects\VibgyorSeek\monitoring-server\node_modules\express\lib\router\index.js:346:12)
    at next (D:\Projects\VibgyorSeek\monitoring-server\node_modules\express\lib\router\index.js:280:10)
2026-03-27 08:40:35 [ERROR]: Error fetching client env: Failed to read client configuration
Error: Failed to read client configuration
    at ClientEnvService.readClientEnv (D:\Projects\VibgyorSeek\monitoring-server\src\services\client-env.service.ts:49:13)
    at D:\Projects\VibgyorSeek\monitoring-server\src\routes\client-env.routes.ts:15:37
    at Layer.handle [as handle_request] (D:\Projects\VibgyorSeek\monitoring-server\node_modules\express\lib\router\layer.js:95:5)
    at next (D:\Projects\VibgyorSeek\monitoring-server\node_modules\express\lib\router\route.js:149:13)
    at Route.dispatch (D:\Projects\VibgyorSeek\monitoring-server\node_modules\express\lib\router\route.js:119:3)
    at Layer.handle [as handle_request] (D:\Projects\VibgyorSeek\monitoring-server\node_modules\express\lib\router\layer.js:95:5)
    at D:\Projects\VibgyorSeek\monitoring-server\node_modules\express\lib\router\index.js:284:15
    at router.process_params (D:\Projects\VibgyorSeek\monitoring-server\node_modules\express\lib\router\index.js:346:12)
    at next (D:\Projects\VibgyorSeek\monitoring-server\node_modules\express\lib\router\index.js:280:10)
    at router.handle (D:\Projects\VibgyorSeek\monitoring-server\node_modules\express\lib\router\index.js:175:3)
2026-03-27 08:40:35 [ERROR]: GET / - 500 - 5ms
2026-03-27 08:40:38 [ERROR]: Error reading client .env file: ENOENT: no such file or directory, open 'D:\Projects\VibgyorSeek\monitoring-server\client_config\.env'
Error: ENOENT: no such file or directory, open 'D:\Projects\VibgyorSeek\monitoring-server\client_config\.env'
    at Object.readFileSync (node:fs:440:20)
    at ClientEnvService.readClientEnv (D:\Projects\VibgyorSeek\monitoring-server\src\services\client-env.service.ts:26:26)
    at D:\Projects\VibgyorSeek\monitoring-server\src\routes\client-env.routes.ts:15:37
    at Layer.handle [as handle_request] (D:\Projects\VibgyorSeek\monitoring-server\node_modules\express\lib\router\layer.js:95:5)
    at next (D:\Projects\VibgyorSeek\monitoring-server\node_modules\express\lib\router\route.js:149:13)
    at Route.dispatch (D:\Projects\VibgyorSeek\monitoring-server\node_modules\express\lib\router\route.js:119:3)
    at Layer.handle [as handle_request] (D:\Projects\VibgyorSeek\monitoring-server\node_modules\express\lib\router\layer.js:95:5)
    at D:\Projects\VibgyorSeek\monitoring-server\node_modules\express\lib\router\index.js:284:15
    at router.process_params (D:\Projects\VibgyorSeek\monitoring-server\node_modules\express\lib\router\index.js:346:12)
    at next (D:\Projects\VibgyorSeek\monitoring-server\node_modules\express\lib\router\index.js:280:10)
2026-03-27 08:40:38 [ERROR]: Error fetching client env: Failed to read client configuration
Error: Failed to read client configuration
    at ClientEnvService.readClientEnv (D:\Projects\VibgyorSeek\monitoring-server\src\services\client-env.service.ts:49:13)
    at D:\Projects\VibgyorSeek\monitoring-server\src\routes\client-env.routes.ts:15:37
    at Layer.handle [as handle_request] (D:\Projects\VibgyorSeek\monitoring-server\node_modules\express\lib\router\layer.js:95:5)
    at next (D:\Projects\VibgyorSeek\monitoring-server\node_modules\express\lib\router\route.js:149:13)
    at Route.dispatch (D:\Projects\VibgyorSeek\monitoring-server\node_modules\express\lib\router\route.js:119:3)
    at Layer.handle [as handle_request] (D:\Projects\VibgyorSeek\monitoring-server\node_modules\express\lib\router\layer.js:95:5)
    at D:\Projects\VibgyorSeek\monitoring-server\node_modules\express\lib\router\index.js:284:15
    at router.process_params (D:\Projects\VibgyorSeek\monitoring-server\node_modules\express\lib\router\index.js:346:12)
    at next (D:\Projects\VibgyorSeek\monitoring-server\node_modules\express\lib\router\index.js:280:10)
    at router.handle (D:\Projects\VibgyorSeek\monitoring-server\node_modules\express\lib\router\index.js:175:3)
2026-03-27 08:40:38 [ERROR]: GET / - 500 - 4ms
2026-03-27 08:40:38 [ERROR]: Error reading client .env file: ENOENT: no such file or directory, open 'D:\Projects\VibgyorSeek\monitoring-server\client_config\.env'
Error: ENOENT: no such file or directory, open 'D:\Projects\VibgyorSeek\monitoring-server\client_config\.env'
    at Object.readFileSync (node:fs:440:20)
    at ClientEnvService.readClientEnv (D:\Projects\VibgyorSeek\monitoring-server\src\services\client-env.service.ts:26:26)
    at D:\Projects\VibgyorSeek\monitoring-server\src\routes\client-env.routes.ts:15:37
    at Layer.handle [as handle_request] (D:\Projects\VibgyorSeek\monitoring-server\node_modules\express\lib\router\layer.js:95:5)
    at next (D:\Projects\VibgyorSeek\monitoring-server\node_modules\express\lib\router\route.js:149:13)
    at Route.dispatch (D:\Projects\VibgyorSeek\monitoring-server\node_modules\express\lib\router\route.js:119:3)
    at Layer.handle [as handle_request] (D:\Projects\VibgyorSeek\monitoring-server\node_modules\express\lib\router\layer.js:95:5)
    at D:\Projects\VibgyorSeek\monitoring-server\node_modules\express\lib\router\index.js:284:15
    at router.process_params (D:\Projects\VibgyorSeek\monitoring-server\node_modules\express\lib\router\index.js:346:12)
    at next (D:\Projects\VibgyorSeek\monitoring-server\node_modules\express\lib\router\index.js:280:10)
2026-03-27 08:40:38 [ERROR]: Error fetching client env: Failed to read client configuration
Error: Failed to read client configuration
    at ClientEnvService.readClientEnv (D:\Projects\VibgyorSeek\monitoring-server\src\services\client-env.service.ts:49:13)
    at D:\Projects\VibgyorSeek\monitoring-server\src\routes\client-env.routes.ts:15:37
    at Layer.handle [as handle_request] (D:\Projects\VibgyorSeek\monitoring-server\node_modules\express\lib\router\layer.js:95:5)
    at next (D:\Projects\VibgyorSeek\monitoring-server\node_modules\express\lib\router\route.js:149:13)
    at Route.dispatch (D:\Projects\VibgyorSeek\monitoring-server\node_modules\express\lib\router\route.js:119:3)
    at Layer.handle [as handle_request] (D:\Projects\VibgyorSeek\monitoring-server\node_modules\express\lib\router\layer.js:95:5)
    at D:\Projects\VibgyorSeek\monitoring-server\node_modules\express\lib\router\index.js:284:15
    at router.process_params (D:\Projects\VibgyorSeek\monitoring-server\node_modules\express\lib\router\index.js:346:12)
    at next (D:\Projects\VibgyorSeek\monitoring-server\node_modules\express\lib\router\index.js:280:10)
    at router.handle (D:\Projects\VibgyorSeek\monitoring-server\node_modules\express\lib\router\index.js:175:3)
2026-03-27 08:40:38 [ERROR]: GET / - 500 - 4ms
